[ 2018-01-02T03:53:39+08:00 ] 127.0.0.1 /tp32_app_guangchangwu/index.php/Admin
INFO: [ app_init ] --START--
INFO: Run Behavior\BuildLiteBehavior [ RunTime:0.000017s ]
INFO: [ app_init ] --END-- [ RunTime:0.000476s ]
INFO: [ app_begin ] --START--
INFO: Run Behavior\ReadHtmlCacheBehavior [ RunTime:0.000586s ]
INFO: [ app_begin ] --END-- [ RunTime:0.000650s ]
ERR: 无法加载控制器:Index

[ 2018-01-02T03:53:51+08:00 ] 127.0.0.1 /tp32_app_guangchangwu/index.php/Admin/Music
INFO: [ app_init ] --START--
INFO: Run Behavior\BuildLiteBehavior [ RunTime:0.000012s ]
INFO: [ app_init ] --END-- [ RunTime:0.000357s ]
INFO: [ app_begin ] --START--
INFO: Run Behavior\ReadHtmlCacheBehavior [ RunTime:0.000457s ]
INFO: [ app_begin ] --END-- [ RunTime:0.000505s ]
ERR: 非法操作:index

[ 2018-01-02T03:54:00+08:00 ] 127.0.0.1 /tp32_app_guangchangwu/index.php/Admin/Music
INFO: [ app_init ] --START--
INFO: Run Behavior\BuildLiteBehavior [ RunTime:0.000010s ]
INFO: [ app_init ] --END-- [ RunTime:0.000286s ]
INFO: [ app_begin ] --START--
INFO: Run Behavior\ReadHtmlCacheBehavior [ RunTime:0.000525s ]
INFO: [ app_begin ] --END-- [ RunTime:0.000612s ]
ERR: SQLSTATE[HY000] [1045] Access denied for user 'root'@'localhost' (using password: YES)

[ 2018-01-02T03:54:52+08:00 ] 127.0.0.1 /tp32_app_guangchangwu/index.php/Admin/Music
INFO: [ app_init ] --START--
INFO: Run Behavior\BuildLiteBehavior [ RunTime:0.000009s ]
INFO: [ app_init ] --END-- [ RunTime:0.000316s ]
INFO: [ app_begin ] --START--
INFO: Run Behavior\ReadHtmlCacheBehavior [ RunTime:0.000379s ]
INFO: [ app_begin ] --END-- [ RunTime:0.000419s ]
SQL: SHOW COLUMNS FROM `music` [ RunTime:0.0314s ]
SQL: SELECT * FROM `music`  [ RunTime:0.0009s ]
ERR: 模板不存在:./Application/Admin/View/Music/index.html

[ 2018-01-02T03:55:04+08:00 ] 127.0.0.1 /tp32_app_guangchangwu/index.php/Admin/Music
INFO: [ app_init ] --START--
INFO: Run Behavior\BuildLiteBehavior [ RunTime:0.000010s ]
INFO: [ app_init ] --END-- [ RunTime:0.000283s ]
INFO: [ app_begin ] --START--
INFO: Run Behavior\ReadHtmlCacheBehavior [ RunTime:0.000513s ]
INFO: [ app_begin ] --END-- [ RunTime:0.000587s ]
SQL: SHOW COLUMNS FROM `music` [ RunTime:0.0110s ]
SQL: SELECT * FROM `music`  [ RunTime:0.0009s ]
INFO: [ view_parse ] --START--
INFO: [ template_filter ] --START--
INFO: Run Behavior\ContentReplaceBehavior [ RunTime:0.000135s ]
INFO: [ template_filter ] --END-- [ RunTime:0.000285s ]
NOTIC: [8] Undefined index: smallimg E:\www\tp32_app_guangchangwu\Application\Runtime\Cache\Admin\7a3e64e04ad2ec10224610c507858ea2.php 第 83 行.
NOTIC: [8] Undefined index: smallimg E:\www\tp32_app_guangchangwu\Application\Runtime\Cache\Admin\7a3e64e04ad2ec10224610c507858ea2.php 第 83 行.
NOTIC: [8] Undefined index: smallimg E:\www\tp32_app_guangchangwu\Application\Runtime\Cache\Admin\7a3e64e04ad2ec10224610c507858ea2.php 第 83 行.
NOTIC: [8] Undefined index: smallimg E:\www\tp32_app_guangchangwu\Application\Runtime\Cache\Admin\7a3e64e04ad2ec10224610c507858ea2.php 第 83 行.
NOTIC: [8] Undefined index: smallimg E:\www\tp32_app_guangchangwu\Application\Runtime\Cache\Admin\7a3e64e04ad2ec10224610c507858ea2.php 第 83 行.
NOTIC: [8] Undefined index: smallimg E:\www\tp32_app_guangchangwu\Application\Runtime\Cache\Admin\7a3e64e04ad2ec10224610c507858ea2.php 第 83 行.
NOTIC: [8] Undefined index: smallimg E:\www\tp32_app_guangchangwu\Application\Runtime\Cache\Admin\7a3e64e04ad2ec10224610c507858ea2.php 第 83 行.
NOTIC: [8] Undefined index: smallimg E:\www\tp32_app_guangchangwu\Application\Runtime\Cache\Admin\7a3e64e04ad2ec10224610c507858ea2.php 第 83 行.
NOTIC: [8] Undefined index: smallimg E:\www\tp32_app_guangchangwu\Application\Runtime\Cache\Admin\7a3e64e04ad2ec10224610c507858ea2.php 第 83 行.
NOTIC: [8] Undefined index: smallimg E:\www\tp32_app_guangchangwu\Application\Runtime\Cache\Admin\7a3e64e04ad2ec10224610c507858ea2.php 第 83 行.
NOTIC: [8] Undefined index: smallimg E:\www\tp32_app_guangchangwu\Application\Runtime\Cache\Admin\7a3e64e04ad2ec10224610c507858ea2.php 第 83 行.
NOTIC: [8] Undefined index: smallimg E:\www\tp32_app_guangchangwu\Application\Runtime\Cache\Admin\7a3e64e04ad2ec10224610c507858ea2.php 第 83 行.
NOTIC: [8] Undefined index: smallimg E:\www\tp32_app_guangchangwu\Application\Runtime\Cache\Admin\7a3e64e04ad2ec10224610c507858ea2.php 第 83 行.
NOTIC: [8] Undefined index: smallimg E:\www\tp32_app_guangchangwu\Application\Runtime\Cache\Admin\7a3e64e04ad2ec10224610c507858ea2.php 第 83 行.
NOTIC: [8] Undefined index: smallimg E:\www\tp32_app_guangchangwu\Application\Runtime\Cache\Admin\7a3e64e04ad2ec10224610c507858ea2.php 第 83 行.
INFO: Run Behavior\ParseTemplateBehavior [ RunTime:0.123362s ]
INFO: [ view_parse ] --END-- [ RunTime:0.123494s ]
INFO: [ view_filter ] --START--
INFO: Run Behavior\WriteHtmlCacheBehavior [ RunTime:0.000982s ]
INFO: [ view_filter ] --END-- [ RunTime:0.001116s ]
INFO: [ app_end ] --START--
INFO: Run Behavior\ShowPageTraceBehavior [ RunTime:0.002093s ]
INFO: [ app_end ] --END-- [ RunTime:0.002262s ]

[ 2018-01-02T03:55:09+08:00 ] 127.0.0.1 /tp32_app_guangchangwu/index.php/Admin/design.html
INFO: [ app_init ] --START--
INFO: Run Behavior\BuildLiteBehavior [ RunTime:0.000012s ]
INFO: [ app_init ] --END-- [ RunTime:0.000311s ]
INFO: [ app_begin ] --START--
INFO: Run Behavior\ReadHtmlCacheBehavior [ RunTime:0.000397s ]
INFO: [ app_begin ] --END-- [ RunTime:0.000440s ]
ERR: 无法加载控制器:Design

[ 2018-01-02T03:55:57+08:00 ] 127.0.0.1 /tp32_app_guangchangwu/index.php/Admin/add
INFO: [ app_init ] --START--
INFO: Run Behavior\BuildLiteBehavior [ RunTime:0.000014s ]
INFO: [ app_init ] --END-- [ RunTime:0.000367s ]
INFO: [ app_begin ] --START--
INFO: Run Behavior\ReadHtmlCacheBehavior [ RunTime:0.000453s ]
INFO: [ app_begin ] --END-- [ RunTime:0.000502s ]
ERR: 无法加载控制器:Add

[ 2018-01-02T03:56:53+08:00 ] 127.0.0.1 /tp32_app_guangchangwu/index.php/Admin/add
INFO: [ app_init ] --START--
INFO: Run Behavior\BuildLiteBehavior [ RunTime:0.000019s ]
INFO: [ app_init ] --END-- [ RunTime:0.000618s ]
INFO: [ app_begin ] --START--
INFO: Run Behavior\ReadHtmlCacheBehavior [ RunTime:0.000719s ]
INFO: [ app_begin ] --END-- [ RunTime:0.000794s ]
ERR: 无法加载控制器:Add

[ 2018-01-02T03:57:02+08:00 ] 127.0.0.1 /tp32_app_guangchangwu/index.php/Admin/index
INFO: [ app_init ] --START--
INFO: Run Behavior\BuildLiteBehavior [ RunTime:0.000015s ]
INFO: [ app_init ] --END-- [ RunTime:0.000448s ]
INFO: [ app_begin ] --START--
INFO: Run Behavior\ReadHtmlCacheBehavior [ RunTime:0.000712s ]
INFO: [ app_begin ] --END-- [ RunTime:0.000988s ]
ERR: 无法加载控制器:Index

[ 2018-01-02T03:57:06+08:00 ] 127.0.0.1 /tp32_app_guangchangwu/index.php/Admin/Music
INFO: [ app_init ] --START--
INFO: Run Behavior\BuildLiteBehavior [ RunTime:0.000016s ]
INFO: [ app_init ] --END-- [ RunTime:0.000446s ]
INFO: [ app_begin ] --START--
INFO: Run Behavior\ReadHtmlCacheBehavior [ RunTime:0.001055s ]
INFO: [ app_begin ] --END-- [ RunTime:0.001142s ]
SQL: SHOW COLUMNS FROM `music` [ RunTime:0.0058s ]
SQL: SELECT * FROM `music`  [ RunTime:0.0004s ]
INFO: [ view_parse ] --START--
INFO: [ template_filter ] --START--
INFO: Run Behavior\ContentReplaceBehavior [ RunTime:0.000074s ]
INFO: [ template_filter ] --END-- [ RunTime:0.000155s ]
NOTIC: [8] Undefined index: smallimg E:\www\tp32_app_guangchangwu\Application\Runtime\Cache\Admin\7a3e64e04ad2ec10224610c507858ea2.php 第 83 行.
NOTIC: [8] Undefined index: smallimg E:\www\tp32_app_guangchangwu\Application\Runtime\Cache\Admin\7a3e64e04ad2ec10224610c507858ea2.php 第 83 行.
NOTIC: [8] Undefined index: smallimg E:\www\tp32_app_guangchangwu\Application\Runtime\Cache\Admin\7a3e64e04ad2ec10224610c507858ea2.php 第 83 行.
NOTIC: [8] Undefined index: smallimg E:\www\tp32_app_guangchangwu\Application\Runtime\Cache\Admin\7a3e64e04ad2ec10224610c507858ea2.php 第 83 行.
NOTIC: [8] Undefined index: smallimg E:\www\tp32_app_guangchangwu\Application\Runtime\Cache\Admin\7a3e64e04ad2ec10224610c507858ea2.php 第 83 行.
NOTIC: [8] Undefined index: smallimg E:\www\tp32_app_guangchangwu\Application\Runtime\Cache\Admin\7a3e64e04ad2ec10224610c507858ea2.php 第 83 行.
NOTIC: [8] Undefined index: smallimg E:\www\tp32_app_guangchangwu\Application\Runtime\Cache\Admin\7a3e64e04ad2ec10224610c507858ea2.php 第 83 行.
NOTIC: [8] Undefined index: smallimg E:\www\tp32_app_guangchangwu\Application\Runtime\Cache\Admin\7a3e64e04ad2ec10224610c507858ea2.php 第 83 行.
NOTIC: [8] Undefined index: smallimg E:\www\tp32_app_guangchangwu\Application\Runtime\Cache\Admin\7a3e64e04ad2ec10224610c507858ea2.php 第 83 行.
NOTIC: [8] Undefined index: smallimg E:\www\tp32_app_guangchangwu\Application\Runtime\Cache\Admin\7a3e64e04ad2ec10224610c507858ea2.php 第 83 行.
NOTIC: [8] Undefined index: smallimg E:\www\tp32_app_guangchangwu\Application\Runtime\Cache\Admin\7a3e64e04ad2ec10224610c507858ea2.php 第 83 行.
NOTIC: [8] Undefined index: smallimg E:\www\tp32_app_guangchangwu\Application\Runtime\Cache\Admin\7a3e64e04ad2ec10224610c507858ea2.php 第 83 行.
NOTIC: [8] Undefined index: smallimg E:\www\tp32_app_guangchangwu\Application\Runtime\Cache\Admin\7a3e64e04ad2ec10224610c507858ea2.php 第 83 行.
NOTIC: [8] Undefined index: smallimg E:\www\tp32_app_guangchangwu\Application\Runtime\Cache\Admin\7a3e64e04ad2ec10224610c507858ea2.php 第 83 行.
NOTIC: [8] Undefined index: smallimg E:\www\tp32_app_guangchangwu\Application\Runtime\Cache\Admin\7a3e64e04ad2ec10224610c507858ea2.php 第 83 行.
INFO: Run Behavior\ParseTemplateBehavior [ RunTime:0.008392s ]
INFO: [ view_parse ] --END-- [ RunTime:0.008453s ]
INFO: [ view_filter ] --START--
INFO: Run Behavior\WriteHtmlCacheBehavior [ RunTime:0.000355s ]
INFO: [ view_filter ] --END-- [ RunTime:0.000402s ]
INFO: [ app_end ] --START--
INFO: Run Behavior\ShowPageTraceBehavior [ RunTime:0.000708s ]
INFO: [ app_end ] --END-- [ RunTime:0.000777s ]

[ 2018-01-02T03:57:08+08:00 ] 127.0.0.1 /tp32_app_guangchangwu/index.php/Admin/Music/add
INFO: [ app_init ] --START--
INFO: Run Behavior\BuildLiteBehavior [ RunTime:0.000010s ]
INFO: [ app_init ] --END-- [ RunTime:0.000281s ]
INFO: [ app_begin ] --START--
INFO: Run Behavior\ReadHtmlCacheBehavior [ RunTime:0.000449s ]
INFO: [ app_begin ] --END-- [ RunTime:0.000488s ]
INFO: [ view_parse ] --START--
INFO: [ template_filter ] --START--
INFO: Run Behavior\ContentReplaceBehavior [ RunTime:0.000048s ]
INFO: [ template_filter ] --END-- [ RunTime:0.000092s ]
INFO: Run Behavior\ParseTemplateBehavior [ RunTime:0.082415s ]
INFO: [ view_parse ] --END-- [ RunTime:0.082481s ]
INFO: [ view_filter ] --START--
INFO: Run Behavior\WriteHtmlCacheBehavior [ RunTime:0.000219s ]
INFO: [ view_filter ] --END-- [ RunTime:0.000253s ]
INFO: [ app_end ] --START--
INFO: Run Behavior\ShowPageTraceBehavior [ RunTime:0.000370s ]
INFO: [ app_end ] --END-- [ RunTime:0.000402s ]

[ 2018-01-02T03:57:22+08:00 ] 127.0.0.1 /tp32_app_guangchangwu/index.php/Admin/Music/add
INFO: [ app_init ] --START--
INFO: Run Behavior\BuildLiteBehavior [ RunTime:0.000013s ]
INFO: [ app_init ] --END-- [ RunTime:0.000304s ]
INFO: [ app_begin ] --START--
INFO: Run Behavior\ReadHtmlCacheBehavior [ RunTime:0.000352s ]
INFO: [ app_begin ] --END-- [ RunTime:0.000392s ]
SQL: SHOW COLUMNS FROM `music` [ RunTime:0.0110s ]
NOTIC: [2] call_user_func() expects parameter 1 to be a valid callback, no array or string given E:\www\tp32_app_guangchangwu\ThinkPHP\Library\Think\Upload.class.php 第 170 行.
SQL: INSERT INTO `music` (`title`,`author`,`url`,`description`) VALUES ('11','11','dfaf','') [ RunTime:0.0126s ]
INFO: [ view_parse ] --START--
INFO: [ template_filter ] --START--
INFO: Run Behavior\ContentReplaceBehavior [ RunTime:0.000076s ]
INFO: [ template_filter ] --END-- [ RunTime:0.000195s ]
INFO: Run Behavior\ParseTemplateBehavior [ RunTime:0.028856s ]
INFO: [ view_parse ] --END-- [ RunTime:0.028989s ]
INFO: [ view_filter ] --START--
INFO: Run Behavior\WriteHtmlCacheBehavior [ RunTime:0.000919s ]
INFO: [ view_filter ] --END-- [ RunTime:0.001012s ]

[ 2018-01-02T03:57:23+08:00 ] 127.0.0.1 /tp32_app_guangchangwu/index.php/Admin/Music/add
INFO: [ app_init ] --START--
INFO: Run Behavior\BuildLiteBehavior [ RunTime:0.000014s ]
INFO: [ app_init ] --END-- [ RunTime:0.000459s ]
INFO: [ app_begin ] --START--
INFO: Run Behavior\ReadHtmlCacheBehavior [ RunTime:0.000672s ]
INFO: [ app_begin ] --END-- [ RunTime:0.000729s ]
INFO: [ view_parse ] --START--
INFO: [ template_filter ] --START--
INFO: Run Behavior\ContentReplaceBehavior [ RunTime:0.000071s ]
INFO: [ template_filter ] --END-- [ RunTime:0.000134s ]
INFO: Run Behavior\ParseTemplateBehavior [ RunTime:0.007973s ]
INFO: [ view_parse ] --END-- [ RunTime:0.008084s ]
INFO: [ view_filter ] --START--
INFO: Run Behavior\WriteHtmlCacheBehavior [ RunTime:0.000433s ]
INFO: [ view_filter ] --END-- [ RunTime:0.000476s ]
INFO: [ app_end ] --START--
INFO: Run Behavior\ShowPageTraceBehavior [ RunTime:0.000694s ]
INFO: [ app_end ] --END-- [ RunTime:0.000745s ]

[ 2018-01-02T03:57:28+08:00 ] 127.0.0.1 /tp32_app_guangchangwu/index.php/Admin/Music/index
INFO: [ app_init ] --START--
INFO: Run Behavior\BuildLiteBehavior [ RunTime:0.000018s ]
INFO: [ app_init ] --END-- [ RunTime:0.000492s ]
INFO: [ app_begin ] --START--
INFO: Run Behavior\ReadHtmlCacheBehavior [ RunTime:0.000721s ]
INFO: [ app_begin ] --END-- [ RunTime:0.000799s ]
SQL: SHOW COLUMNS FROM `music` [ RunTime:0.0104s ]
SQL: SELECT * FROM `music`  [ RunTime:0.0006s ]
INFO: [ view_parse ] --START--
INFO: [ template_filter ] --START--
INFO: Run Behavior\ContentReplaceBehavior [ RunTime:0.000080s ]
INFO: [ template_filter ] --END-- [ RunTime:0.000166s ]
NOTIC: [8] Undefined index: smallimg E:\www\tp32_app_guangchangwu\Application\Runtime\Cache\Admin\7a3e64e04ad2ec10224610c507858ea2.php 第 83 行.
NOTIC: [8] Undefined index: smallimg E:\www\tp32_app_guangchangwu\Application\Runtime\Cache\Admin\7a3e64e04ad2ec10224610c507858ea2.php 第 83 行.
NOTIC: [8] Undefined index: smallimg E:\www\tp32_app_guangchangwu\Application\Runtime\Cache\Admin\7a3e64e04ad2ec10224610c507858ea2.php 第 83 行.
NOTIC: [8] Undefined index: smallimg E:\www\tp32_app_guangchangwu\Application\Runtime\Cache\Admin\7a3e64e04ad2ec10224610c507858ea2.php 第 83 行.
NOTIC: [8] Undefined index: smallimg E:\www\tp32_app_guangchangwu\Application\Runtime\Cache\Admin\7a3e64e04ad2ec10224610c507858ea2.php 第 83 行.
NOTIC: [8] Undefined index: smallimg E:\www\tp32_app_guangchangwu\Application\Runtime\Cache\Admin\7a3e64e04ad2ec10224610c507858ea2.php 第 83 行.
NOTIC: [8] Undefined index: smallimg E:\www\tp32_app_guangchangwu\Application\Runtime\Cache\Admin\7a3e64e04ad2ec10224610c507858ea2.php 第 83 行.
NOTIC: [8] Undefined index: smallimg E:\www\tp32_app_guangchangwu\Application\Runtime\Cache\Admin\7a3e64e04ad2ec10224610c507858ea2.php 第 83 行.
NOTIC: [8] Undefined index: smallimg E:\www\tp32_app_guangchangwu\Application\Runtime\Cache\Admin\7a3e64e04ad2ec10224610c507858ea2.php 第 83 行.
NOTIC: [8] Undefined index: smallimg E:\www\tp32_app_guangchangwu\Application\Runtime\Cache\Admin\7a3e64e04ad2ec10224610c507858ea2.php 第 83 行.
NOTIC: [8] Undefined index: smallimg E:\www\tp32_app_guangchangwu\Application\Runtime\Cache\Admin\7a3e64e04ad2ec10224610c507858ea2.php 第 83 行.
NOTIC: [8] Undefined index: smallimg E:\www\tp32_app_guangchangwu\Application\Runtime\Cache\Admin\7a3e64e04ad2ec10224610c507858ea2.php 第 83 行.
NOTIC: [8] Undefined index: smallimg E:\www\tp32_app_guangchangwu\Application\Runtime\Cache\Admin\7a3e64e04ad2ec10224610c507858ea2.php 第 83 行.
NOTIC: [8] Undefined index: smallimg E:\www\tp32_app_guangchangwu\Application\Runtime\Cache\Admin\7a3e64e04ad2ec10224610c507858ea2.php 第 83 行.
NOTIC: [8] Undefined index: smallimg E:\www\tp32_app_guangchangwu\Application\Runtime\Cache\Admin\7a3e64e04ad2ec10224610c507858ea2.php 第 83 行.
NOTIC: [8] Undefined index: smallimg E:\www\tp32_app_guangchangwu\Application\Runtime\Cache\Admin\7a3e64e04ad2ec10224610c507858ea2.php 第 83 行.
INFO: Run Behavior\ParseTemplateBehavior [ RunTime:0.011289s ]
INFO: [ view_parse ] --END-- [ RunTime:0.011358s ]
INFO: [ view_filter ] --START--
INFO: Run Behavior\WriteHtmlCacheBehavior [ RunTime:0.000586s ]
INFO: [ view_filter ] --END-- [ RunTime:0.000723s ]
INFO: [ app_end ] --START--
INFO: Run Behavior\ShowPageTraceBehavior [ RunTime:0.001280s ]
INFO: [ app_end ] --END-- [ RunTime:0.001426s ]

[ 2018-01-02T03:58:30+08:00 ] 127.0.0.1 /tp32_app_guangchangwu/index.php/Admin/Music/add
INFO: [ app_init ] --START--
INFO: Run Behavior\BuildLiteBehavior [ RunTime:0.000028s ]
INFO: [ app_init ] --END-- [ RunTime:0.000702s ]
INFO: [ app_begin ] --START--
INFO: Run Behavior\ReadHtmlCacheBehavior [ RunTime:0.000622s ]
INFO: [ app_begin ] --END-- [ RunTime:0.000680s ]
INFO: [ view_parse ] --START--
INFO: [ template_filter ] --START--
INFO: Run Behavior\ContentReplaceBehavior [ RunTime:0.000061s ]
INFO: [ template_filter ] --END-- [ RunTime:0.000125s ]
INFO: Run Behavior\ParseTemplateBehavior [ RunTime:0.009689s ]
INFO: [ view_parse ] --END-- [ RunTime:0.009766s ]
INFO: [ view_filter ] --START--
INFO: Run Behavior\WriteHtmlCacheBehavior [ RunTime:0.000503s ]
INFO: [ view_filter ] --END-- [ RunTime:0.000551s ]
INFO: [ app_end ] --START--
INFO: Run Behavior\ShowPageTraceBehavior [ RunTime:0.000731s ]
INFO: [ app_end ] --END-- [ RunTime:0.000781s ]

[ 2018-01-02T03:58:37+08:00 ] 127.0.0.1 /tp32_app_guangchangwu/index.php/Admin/Music/add
INFO: [ app_init ] --START--
INFO: Run Behavior\BuildLiteBehavior [ RunTime:0.000014s ]
INFO: [ app_init ] --END-- [ RunTime:0.000439s ]
INFO: [ app_begin ] --START--
INFO: Run Behavior\ReadHtmlCacheBehavior [ RunTime:0.000707s ]
INFO: [ app_begin ] --END-- [ RunTime:0.000775s ]
SQL: SHOW COLUMNS FROM `music` [ RunTime:0.0061s ]
NOTIC: [2] call_user_func() expects parameter 1 to be a valid callback, no array or string given E:\www\tp32_app_guangchangwu\ThinkPHP\Library\Think\Upload.class.php 第 170 行.
SQL: INSERT INTO `music` (`title`,`author`,`url`,`description`,`logo`) VALUES ('sfasd','adfds','adsf','dsfsdf','music/2018-01-02/5a4a92ed8d449.png') [ RunTime:0.0004s ]
INFO: [ view_parse ] --START--
INFO: [ template_filter ] --START--
INFO: Run Behavior\ContentReplaceBehavior [ RunTime:0.000029s ]
INFO: [ template_filter ] --END-- [ RunTime:0.000071s ]
INFO: Run Behavior\ParseTemplateBehavior [ RunTime:0.006056s ]
INFO: [ view_parse ] --END-- [ RunTime:0.006117s ]
INFO: [ view_filter ] --START--
INFO: Run Behavior\WriteHtmlCacheBehavior [ RunTime:0.000373s ]
INFO: [ view_filter ] --END-- [ RunTime:0.000405s ]

[ 2018-01-02T03:58:38+08:00 ] 127.0.0.1 /tp32_app_guangchangwu/index.php/Admin/Music/add
INFO: [ app_init ] --START--
INFO: Run Behavior\BuildLiteBehavior [ RunTime:0.000012s ]
INFO: [ app_init ] --END-- [ RunTime:0.000362s ]
INFO: [ app_begin ] --START--
INFO: Run Behavior\ReadHtmlCacheBehavior [ RunTime:0.000524s ]
INFO: [ app_begin ] --END-- [ RunTime:0.000571s ]
INFO: [ view_parse ] --START--
INFO: [ template_filter ] --START--
INFO: Run Behavior\ContentReplaceBehavior [ RunTime:0.000052s ]
INFO: [ template_filter ] --END-- [ RunTime:0.000101s ]
INFO: Run Behavior\ParseTemplateBehavior [ RunTime:0.008435s ]
INFO: [ view_parse ] --END-- [ RunTime:0.008481s ]
INFO: [ view_filter ] --START--
INFO: Run Behavior\WriteHtmlCacheBehavior [ RunTime:0.000337s ]
INFO: [ view_filter ] --END-- [ RunTime:0.000369s ]
INFO: [ app_end ] --START--
INFO: Run Behavior\ShowPageTraceBehavior [ RunTime:0.000591s ]
INFO: [ app_end ] --END-- [ RunTime:0.000624s ]

[ 2018-01-02T04:01:51+08:00 ] 127.0.0.1 /tp32_app_guangchangwu/index.php/Admin/Music/appApi
INFO: [ app_init ] --START--
INFO: Run Behavior\BuildLiteBehavior [ RunTime:0.000009s ]
INFO: [ app_init ] --END-- [ RunTime:0.000381s ]
INFO: [ app_begin ] --START--
INFO: Run Behavior\ReadHtmlCacheBehavior [ RunTime:0.000380s ]
INFO: [ app_begin ] --END-- [ RunTime:0.000432s ]
SQL: SHOW COLUMNS FROM `music` [ RunTime:0.0713s ]
SQL: SELECT * FROM `music` ORDER BY id asc  [ RunTime:0.1079s ]
NOTIC: [8] Undefined index: smallimg E:\www\tp32_app_guangchangwu\Application\Admin\Controller\MusicController.class.php 第 67 行.
NOTIC: [8] Undefined index: smallimg E:\www\tp32_app_guangchangwu\Application\Admin\Controller\MusicController.class.php 第 67 行.
NOTIC: [8] Undefined index: smallimg E:\www\tp32_app_guangchangwu\Application\Admin\Controller\MusicController.class.php 第 67 行.
NOTIC: [8] Undefined index: smallimg E:\www\tp32_app_guangchangwu\Application\Admin\Controller\MusicController.class.php 第 67 行.
NOTIC: [8] Undefined index: smallimg E:\www\tp32_app_guangchangwu\Application\Admin\Controller\MusicController.class.php 第 67 行.
NOTIC: [8] Undefined index: smallimg E:\www\tp32_app_guangchangwu\Application\Admin\Controller\MusicController.class.php 第 67 行.
NOTIC: [8] Undefined index: smallimg E:\www\tp32_app_guangchangwu\Application\Admin\Controller\MusicController.class.php 第 67 行.
NOTIC: [8] Undefined index: smallimg E:\www\tp32_app_guangchangwu\Application\Admin\Controller\MusicController.class.php 第 67 行.
NOTIC: [8] Undefined index: smallimg E:\www\tp32_app_guangchangwu\Application\Admin\Controller\MusicController.class.php 第 67 行.
NOTIC: [8] Undefined index: smallimg E:\www\tp32_app_guangchangwu\Application\Admin\Controller\MusicController.class.php 第 67 行.
NOTIC: [8] Undefined index: smallimg E:\www\tp32_app_guangchangwu\Application\Admin\Controller\MusicController.class.php 第 67 行.
NOTIC: [8] Undefined index: smallimg E:\www\tp32_app_guangchangwu\Application\Admin\Controller\MusicController.class.php 第 67 行.
NOTIC: [8] Undefined index: smallimg E:\www\tp32_app_guangchangwu\Application\Admin\Controller\MusicController.class.php 第 67 行.
NOTIC: [8] Undefined index: smallimg E:\www\tp32_app_guangchangwu\Application\Admin\Controller\MusicController.class.php 第 67 行.
NOTIC: [8] Undefined index: smallimg E:\www\tp32_app_guangchangwu\Application\Admin\Controller\MusicController.class.php 第 67 行.
NOTIC: [8] Undefined index: smallimg E:\www\tp32_app_guangchangwu\Application\Admin\Controller\MusicController.class.php 第 67 行.
NOTIC: [8] Undefined index: smallimg E:\www\tp32_app_guangchangwu\Application\Admin\Controller\MusicController.class.php 第 67 行.

[ 2018-01-02T04:02:11+08:00 ] 127.0.0.1 /tp32_app_guangchangwu/index.php/Admin/Music/appApi
INFO: [ app_init ] --START--
INFO: Run Behavior\BuildLiteBehavior [ RunTime:0.000012s ]
INFO: [ app_init ] --END-- [ RunTime:0.000317s ]
INFO: [ app_begin ] --START--
INFO: Run Behavior\ReadHtmlCacheBehavior [ RunTime:0.000389s ]
INFO: [ app_begin ] --END-- [ RunTime:0.000433s ]
SQL: SHOW COLUMNS FROM `music` [ RunTime:0.0202s ]
SQL: SELECT * FROM `music` ORDER BY id asc  [ RunTime:0.0019s ]
NOTIC: [8] Undefined index: smallimg E:\www\tp32_app_guangchangwu\Application\Admin\Controller\MusicController.class.php 第 67 行.
NOTIC: [8] Undefined index: smallimg E:\www\tp32_app_guangchangwu\Application\Admin\Controller\MusicController.class.php 第 67 行.
NOTIC: [8] Undefined index: smallimg E:\www\tp32_app_guangchangwu\Application\Admin\Controller\MusicController.class.php 第 67 行.
NOTIC: [8] Undefined index: smallimg E:\www\tp32_app_guangchangwu\Application\Admin\Controller\MusicController.class.php 第 67 行.
NOTIC: [8] Undefined index: smallimg E:\www\tp32_app_guangchangwu\Application\Admin\Controller\MusicController.class.php 第 67 行.
NOTIC: [8] Undefined index: smallimg E:\www\tp32_app_guangchangwu\Application\Admin\Controller\MusicController.class.php 第 67 行.
NOTIC: [8] Undefined index: smallimg E:\www\tp32_app_guangchangwu\Application\Admin\Controller\MusicController.class.php 第 67 行.
NOTIC: [8] Undefined index: smallimg E:\www\tp32_app_guangchangwu\Application\Admin\Controller\MusicController.class.php 第 67 行.
NOTIC: [8] Undefined index: smallimg E:\www\tp32_app_guangchangwu\Application\Admin\Controller\MusicController.class.php 第 67 行.
NOTIC: [8] Undefined index: smallimg E:\www\tp32_app_guangchangwu\Application\Admin\Controller\MusicController.class.php 第 67 行.
NOTIC: [8] Undefined index: smallimg E:\www\tp32_app_guangchangwu\Application\Admin\Controller\MusicController.class.php 第 67 行.
NOTIC: [8] Undefined index: smallimg E:\www\tp32_app_guangchangwu\Application\Admin\Controller\MusicController.class.php 第 67 行.
NOTIC: [8] Undefined index: smallimg E:\www\tp32_app_guangchangwu\Application\Admin\Controller\MusicController.class.php 第 67 行.
NOTIC: [8] Undefined index: smallimg E:\www\tp32_app_guangchangwu\Application\Admin\Controller\MusicController.class.php 第 67 行.
NOTIC: [8] Undefined index: smallimg E:\www\tp32_app_guangchangwu\Application\Admin\Controller\MusicController.class.php 第 67 行.
NOTIC: [8] Undefined index: smallimg E:\www\tp32_app_guangchangwu\Application\Admin\Controller\MusicController.class.php 第 67 行.
NOTIC: [8] Undefined index: smallimg E:\www\tp32_app_guangchangwu\Application\Admin\Controller\MusicController.class.php 第 67 行.

[ 2018-01-02T04:04:52+08:00 ] 127.0.0.1 /tp32_app_guangchangwu/index.php/Admin/Music/appApi
INFO: [ app_init ] --START--
INFO: Run Behavior\BuildLiteBehavior [ RunTime:0.000015s ]
INFO: [ app_init ] --END-- [ RunTime:0.000565s ]
INFO: [ app_begin ] --START--
INFO: Run Behavior\ReadHtmlCacheBehavior [ RunTime:0.000604s ]
INFO: [ app_begin ] --END-- [ RunTime:0.000661s ]
SQL: SHOW COLUMNS FROM `music` [ RunTime:0.0318s ]
SQL: SELECT * FROM `music` ORDER BY id asc  [ RunTime:0.0013s ]
NOTIC: [8] Undefined index: smallimg E:\www\tp32_app_guangchangwu\Application\Admin\Controller\MusicController.class.php 第 67 行.
NOTIC: [8] Undefined index: smallimg E:\www\tp32_app_guangchangwu\Application\Admin\Controller\MusicController.class.php 第 67 行.
NOTIC: [8] Undefined index: smallimg E:\www\tp32_app_guangchangwu\Application\Admin\Controller\MusicController.class.php 第 67 行.
NOTIC: [8] Undefined index: smallimg E:\www\tp32_app_guangchangwu\Application\Admin\Controller\MusicController.class.php 第 67 行.
NOTIC: [8] Undefined index: smallimg E:\www\tp32_app_guangchangwu\Application\Admin\Controller\MusicController.class.php 第 67 行.
NOTIC: [8] Undefined index: smallimg E:\www\tp32_app_guangchangwu\Application\Admin\Controller\MusicController.class.php 第 67 行.
NOTIC: [8] Undefined index: smallimg E:\www\tp32_app_guangchangwu\Application\Admin\Controller\MusicController.class.php 第 67 行.
NOTIC: [8] Undefined index: smallimg E:\www\tp32_app_guangchangwu\Application\Admin\Controller\MusicController.class.php 第 67 行.
NOTIC: [8] Undefined index: smallimg E:\www\tp32_app_guangchangwu\Application\Admin\Controller\MusicController.class.php 第 67 行.
NOTIC: [8] Undefined index: smallimg E:\www\tp32_app_guangchangwu\Application\Admin\Controller\MusicController.class.php 第 67 行.
NOTIC: [8] Undefined index: smallimg E:\www\tp32_app_guangchangwu\Application\Admin\Controller\MusicController.class.php 第 67 行.
NOTIC: [8] Undefined index: smallimg E:\www\tp32_app_guangchangwu\Application\Admin\Controller\MusicController.class.php 第 67 行.
NOTIC: [8] Undefined index: smallimg E:\www\tp32_app_guangchangwu\Application\Admin\Controller\MusicController.class.php 第 67 行.
NOTIC: [8] Undefined index: smallimg E:\www\tp32_app_guangchangwu\Application\Admin\Controller\MusicController.class.php 第 67 行.
NOTIC: [8] Undefined index: smallimg E:\www\tp32_app_guangchangwu\Application\Admin\Controller\MusicController.class.php 第 67 行.
NOTIC: [8] Undefined index: smallimg E:\www\tp32_app_guangchangwu\Application\Admin\Controller\MusicController.class.php 第 67 行.
NOTIC: [8] Undefined index: smallimg E:\www\tp32_app_guangchangwu\Application\Admin\Controller\MusicController.class.php 第 67 行.

[ 2018-01-02T04:07:23+08:00 ] 192.168.21.1 /tp32_app_guangchangwu/index.php/Admin/Music/appApi
INFO: [ app_init ] --START--
INFO: Run Behavior\BuildLiteBehavior [ RunTime:0.000015s ]
INFO: [ app_init ] --END-- [ RunTime:0.000464s ]
INFO: [ app_begin ] --START--
INFO: Run Behavior\ReadHtmlCacheBehavior [ RunTime:0.000706s ]
INFO: [ app_begin ] --END-- [ RunTime:0.000788s ]
SQL: SHOW COLUMNS FROM `music` [ RunTime:0.0145s ]
SQL: SELECT * FROM `music` ORDER BY id asc  [ RunTime:0.0011s ]
NOTIC: [8] Undefined index: smallimg E:\www\tp32_app_guangchangwu\Application\Admin\Controller\MusicController.class.php 第 67 行.
NOTIC: [8] Undefined index: smallimg E:\www\tp32_app_guangchangwu\Application\Admin\Controller\MusicController.class.php 第 67 行.
NOTIC: [8] Undefined index: smallimg E:\www\tp32_app_guangchangwu\Application\Admin\Controller\MusicController.class.php 第 67 行.
NOTIC: [8] Undefined index: smallimg E:\www\tp32_app_guangchangwu\Application\Admin\Controller\MusicController.class.php 第 67 行.
NOTIC: [8] Undefined index: smallimg E:\www\tp32_app_guangchangwu\Application\Admin\Controller\MusicController.class.php 第 67 行.
NOTIC: [8] Undefined index: smallimg E:\www\tp32_app_guangchangwu\Application\Admin\Controller\MusicController.class.php 第 67 行.
NOTIC: [8] Undefined index: smallimg E:\www\tp32_app_guangchangwu\Application\Admin\Controller\MusicController.class.php 第 67 行.
NOTIC: [8] Undefined index: smallimg E:\www\tp32_app_guangchangwu\Application\Admin\Controller\MusicController.class.php 第 67 行.
NOTIC: [8] Undefined index: smallimg E:\www\tp32_app_guangchangwu\Application\Admin\Controller\MusicController.class.php 第 67 行.
NOTIC: [8] Undefined index: smallimg E:\www\tp32_app_guangchangwu\Application\Admin\Controller\MusicController.class.php 第 67 行.
NOTIC: [8] Undefined index: smallimg E:\www\tp32_app_guangchangwu\Application\Admin\Controller\MusicController.class.php 第 67 行.
NOTIC: [8] Undefined index: smallimg E:\www\tp32_app_guangchangwu\Application\Admin\Controller\MusicController.class.php 第 67 行.
NOTIC: [8] Undefined index: smallimg E:\www\tp32_app_guangchangwu\Application\Admin\Controller\MusicController.class.php 第 67 行.
NOTIC: [8] Undefined index: smallimg E:\www\tp32_app_guangchangwu\Application\Admin\Controller\MusicController.class.php 第 67 行.
NOTIC: [8] Undefined index: smallimg E:\www\tp32_app_guangchangwu\Application\Admin\Controller\MusicController.class.php 第 67 行.
NOTIC: [8] Undefined index: smallimg E:\www\tp32_app_guangchangwu\Application\Admin\Controller\MusicController.class.php 第 67 行.
NOTIC: [8] Undefined index: smallimg E:\www\tp32_app_guangchangwu\Application\Admin\Controller\MusicController.class.php 第 67 行.

[ 2018-01-02T04:07:38+08:00 ] 192.168.21.1 /tp32_app_guangchangwu/index.php/Admin/Music/appApi?limit=2&skip=0
INFO: [ app_init ] --START--
INFO: Run Behavior\BuildLiteBehavior [ RunTime:0.000011s ]
INFO: [ app_init ] --END-- [ RunTime:0.000290s ]
INFO: [ app_begin ] --START--
INFO: Run Behavior\ReadHtmlCacheBehavior [ RunTime:0.000355s ]
INFO: [ app_begin ] --END-- [ RunTime:0.000397s ]
SQL: SHOW COLUMNS FROM `music` [ RunTime:0.0750s ]
SQL: SELECT * FROM `music` ORDER BY id asc LIMIT 0,2   [ RunTime:0.0003s ]
NOTIC: [8] Undefined index: smallimg E:\www\tp32_app_guangchangwu\Application\Admin\Controller\MusicController.class.php 第 67 行.
NOTIC: [8] Undefined index: smallimg E:\www\tp32_app_guangchangwu\Application\Admin\Controller\MusicController.class.php 第 67 行.

[ 2018-01-02T04:07:41+08:00 ] 192.168.21.1 /tp32_app_guangchangwu/index.php/Admin/Music/appApi?limit=2&skip=0
INFO: [ app_init ] --START--
INFO: Run Behavior\BuildLiteBehavior [ RunTime:0.000010s ]
INFO: [ app_init ] --END-- [ RunTime:0.000368s ]
INFO: [ app_begin ] --START--
INFO: Run Behavior\ReadHtmlCacheBehavior [ RunTime:0.000327s ]
INFO: [ app_begin ] --END-- [ RunTime:0.000361s ]
SQL: SHOW COLUMNS FROM `music` [ RunTime:0.0112s ]
SQL: SELECT * FROM `music` ORDER BY id asc LIMIT 0,2   [ RunTime:0.0007s ]
NOTIC: [8] Undefined index: smallimg E:\www\tp32_app_guangchangwu\Application\Admin\Controller\MusicController.class.php 第 67 行.
NOTIC: [8] Undefined index: smallimg E:\www\tp32_app_guangchangwu\Application\Admin\Controller\MusicController.class.php 第 67 行.

[ 2018-01-02T04:07:45+08:00 ] 192.168.21.1 /tp32_app_guangchangwu/index.php/Admin/Music/appApi?limit=2&skip=0
INFO: [ app_init ] --START--
INFO: Run Behavior\BuildLiteBehavior [ RunTime:0.000026s ]
INFO: [ app_init ] --END-- [ RunTime:0.000688s ]
INFO: [ app_begin ] --START--
INFO: Run Behavior\ReadHtmlCacheBehavior [ RunTime:0.000831s ]
INFO: [ app_begin ] --END-- [ RunTime:0.000937s ]
SQL: SHOW COLUMNS FROM `music` [ RunTime:0.0141s ]
SQL: SELECT * FROM `music` ORDER BY id asc LIMIT 0,2   [ RunTime:0.0007s ]
NOTIC: [8] Undefined index: smallimg E:\www\tp32_app_guangchangwu\Application\Admin\Controller\MusicController.class.php 第 67 行.
NOTIC: [8] Undefined index: smallimg E:\www\tp32_app_guangchangwu\Application\Admin\Controller\MusicController.class.php 第 67 行.

[ 2018-01-02T04:08:33+08:00 ] 192.168.21.1 /tp32_app_guangchangwu/index.php/Admin/Music/appApi?limit=2&skip=0
INFO: [ app_init ] --START--
INFO: Run Behavior\BuildLiteBehavior [ RunTime:0.000010s ]
INFO: [ app_init ] --END-- [ RunTime:0.000261s ]
INFO: [ app_begin ] --START--
INFO: Run Behavior\ReadHtmlCacheBehavior [ RunTime:0.000322s ]
INFO: [ app_begin ] --END-- [ RunTime:0.000357s ]
SQL: SHOW COLUMNS FROM `music` [ RunTime:0.0118s ]
SQL: SELECT * FROM `music` ORDER BY id asc LIMIT 0,2   [ RunTime:0.0008s ]
NOTIC: [8] Undefined index: smallimg E:\www\tp32_app_guangchangwu\Application\Admin\Controller\MusicController.class.php 第 67 行.
NOTIC: [8] Undefined index: smallimg E:\www\tp32_app_guangchangwu\Application\Admin\Controller\MusicController.class.php 第 67 行.

[ 2018-01-02T10:12:37+08:00 ] ::1 /tp32_app_guangchangwu/index.php/admin/music/index
INFO: [ app_init ] --START--
INFO: Run Behavior\BuildLiteBehavior [ RunTime:0.000010s ]
INFO: [ app_init ] --END-- [ RunTime:0.000279s ]
INFO: [ app_begin ] --START--
INFO: Run Behavior\ReadHtmlCacheBehavior [ RunTime:0.000446s ]
INFO: [ app_begin ] --END-- [ RunTime:0.000500s ]
SQL: SHOW COLUMNS FROM `music` [ RunTime:0.0580s ]
SQL: SELECT * FROM `music`  [ RunTime:0.0449s ]
INFO: [ view_parse ] --START--
INFO: [ template_filter ] --START--
INFO: Run Behavior\ContentReplaceBehavior [ RunTime:0.000101s ]
INFO: [ template_filter ] --END-- [ RunTime:0.000211s ]
NOTIC: [8] Undefined index: smallimg E:\www\tp32_app_guangchangwu\Application\Runtime\Cache\Admin\7a3e64e04ad2ec10224610c507858ea2.php 第 83 行.
NOTIC: [8] Undefined index: smallimg E:\www\tp32_app_guangchangwu\Application\Runtime\Cache\Admin\7a3e64e04ad2ec10224610c507858ea2.php 第 83 行.
NOTIC: [8] Undefined index: smallimg E:\www\tp32_app_guangchangwu\Application\Runtime\Cache\Admin\7a3e64e04ad2ec10224610c507858ea2.php 第 83 行.
NOTIC: [8] Undefined index: smallimg E:\www\tp32_app_guangchangwu\Application\Runtime\Cache\Admin\7a3e64e04ad2ec10224610c507858ea2.php 第 83 行.
NOTIC: [8] Undefined index: smallimg E:\www\tp32_app_guangchangwu\Application\Runtime\Cache\Admin\7a3e64e04ad2ec10224610c507858ea2.php 第 83 行.
NOTIC: [8] Undefined index: smallimg E:\www\tp32_app_guangchangwu\Application\Runtime\Cache\Admin\7a3e64e04ad2ec10224610c507858ea2.php 第 83 行.
NOTIC: [8] Undefined index: smallimg E:\www\tp32_app_guangchangwu\Application\Runtime\Cache\Admin\7a3e64e04ad2ec10224610c507858ea2.php 第 83 行.
NOTIC: [8] Undefined index: smallimg E:\www\tp32_app_guangchangwu\Application\Runtime\Cache\Admin\7a3e64e04ad2ec10224610c507858ea2.php 第 83 行.
NOTIC: [8] Undefined index: smallimg E:\www\tp32_app_guangchangwu\Application\Runtime\Cache\Admin\7a3e64e04ad2ec10224610c507858ea2.php 第 83 行.
NOTIC: [8] Undefined index: smallimg E:\www\tp32_app_guangchangwu\Application\Runtime\Cache\Admin\7a3e64e04ad2ec10224610c507858ea2.php 第 83 行.
NOTIC: [8] Undefined index: smallimg E:\www\tp32_app_guangchangwu\Application\Runtime\Cache\Admin\7a3e64e04ad2ec10224610c507858ea2.php 第 83 行.
NOTIC: [8] Undefined index: smallimg E:\www\tp32_app_guangchangwu\Application\Runtime\Cache\Admin\7a3e64e04ad2ec10224610c507858ea2.php 第 83 行.
NOTIC: [8] Undefined index: smallimg E:\www\tp32_app_guangchangwu\Application\Runtime\Cache\Admin\7a3e64e04ad2ec10224610c507858ea2.php 第 83 行.
NOTIC: [8] Undefined index: smallimg E:\www\tp32_app_guangchangwu\Application\Runtime\Cache\Admin\7a3e64e04ad2ec10224610c507858ea2.php 第 83 行.
NOTIC: [8] Undefined index: smallimg E:\www\tp32_app_guangchangwu\Application\Runtime\Cache\Admin\7a3e64e04ad2ec10224610c507858ea2.php 第 83 行.
NOTIC: [8] Undefined index: smallimg E:\www\tp32_app_guangchangwu\Application\Runtime\Cache\Admin\7a3e64e04ad2ec10224610c507858ea2.php 第 83 行.
NOTIC: [8] Undefined index: smallimg E:\www\tp32_app_guangchangwu\Application\Runtime\Cache\Admin\7a3e64e04ad2ec10224610c507858ea2.php 第 83 行.
INFO: Run Behavior\ParseTemplateBehavior [ RunTime:0.030156s ]
INFO: [ view_parse ] --END-- [ RunTime:0.030238s ]
INFO: [ view_filter ] --START--
INFO: Run Behavior\WriteHtmlCacheBehavior [ RunTime:0.000422s ]
INFO: [ view_filter ] --END-- [ RunTime:0.000481s ]
INFO: [ app_end ] --START--
INFO: Run Behavior\ShowPageTraceBehavior [ RunTime:0.001169s ]
INFO: [ app_end ] --END-- [ RunTime:0.001290s ]

[ 2018-01-02T11:26:50+08:00 ] 127.0.0.1 /tp32_app_guangchangwu/index.php/admin/music/add
INFO: [ app_init ] --START--
INFO: Run Behavior\BuildLiteBehavior [ RunTime:0.000012s ]
INFO: [ app_init ] --END-- [ RunTime:0.000457s ]
INFO: [ app_begin ] --START--
INFO: Run Behavior\ReadHtmlCacheBehavior [ RunTime:0.000784s ]
INFO: [ app_begin ] --END-- [ RunTime:0.000838s ]
INFO: [ view_parse ] --START--
INFO: [ template_filter ] --START--
INFO: Run Behavior\ContentReplaceBehavior [ RunTime:0.000045s ]
INFO: [ template_filter ] --END-- [ RunTime:0.000102s ]
INFO: Run Behavior\ParseTemplateBehavior [ RunTime:0.022871s ]
INFO: [ view_parse ] --END-- [ RunTime:0.022925s ]
INFO: [ view_filter ] --START--
INFO: Run Behavior\WriteHtmlCacheBehavior [ RunTime:0.000514s ]
INFO: [ view_filter ] --END-- [ RunTime:0.000540s ]
INFO: [ app_end ] --START--
INFO: Run Behavior\ShowPageTraceBehavior [ RunTime:0.000607s ]
INFO: [ app_end ] --END-- [ RunTime:0.000635s ]

[ 2018-01-02T13:51:21+08:00 ] 127.0.0.1 /tp32_app_guangchangwu/index.php/admin/music/add
INFO: [ app_init ] --START--
INFO: Run Behavior\BuildLiteBehavior [ RunTime:0.000015s ]
INFO: [ app_init ] --END-- [ RunTime:0.000644s ]
INFO: [ app_begin ] --START--
INFO: Run Behavior\ReadHtmlCacheBehavior [ RunTime:0.000712s ]
INFO: [ app_begin ] --END-- [ RunTime:0.000758s ]
INFO: [ view_parse ] --START--
INFO: [ template_filter ] --START--
INFO: Run Behavior\ContentReplaceBehavior [ RunTime:0.000111s ]
INFO: [ template_filter ] --END-- [ RunTime:0.000194s ]
INFO: Run Behavior\ParseTemplateBehavior [ RunTime:0.028720s ]
INFO: [ view_parse ] --END-- [ RunTime:0.028772s ]
INFO: [ view_filter ] --START--
INFO: Run Behavior\WriteHtmlCacheBehavior [ RunTime:0.000610s ]
INFO: [ view_filter ] --END-- [ RunTime:0.000645s ]
INFO: [ app_end ] --START--
INFO: Run Behavior\ShowPageTraceBehavior [ RunTime:0.001255s ]
INFO: [ app_end ] --END-- [ RunTime:0.001400s ]

[ 2018-01-02T13:58:07+08:00 ] 127.0.0.1 /tp32_app_guangchangwu/index.php/admin/music/add
INFO: [ app_init ] --START--
INFO: Run Behavior\BuildLiteBehavior [ RunTime:0.000013s ]
INFO: [ app_init ] --END-- [ RunTime:0.001205s ]
INFO: [ app_begin ] --START--
INFO: Run Behavior\ReadHtmlCacheBehavior [ RunTime:0.001130s ]
INFO: [ app_begin ] --END-- [ RunTime:0.001179s ]
SQL: SHOW COLUMNS FROM `music` [ RunTime:0.0608s ]
NOTIC: [2] call_user_func() expects parameter 1 to be a valid callback, no array or string given C:\phpStudy\PHPTutorial\htdocs\tp32_app_guangchangwu\ThinkPHP\Library\Think\Upload.class.php 第 170 行.
SQL: INSERT INTO `music` (`title`,`author`,`url`,`description`,`logo`) VALUES ('背过手','薛之谦','http://up.mcyt.net/md5/53/MzU3MTI1NTk=_Qq4329912.mp3','背过手-薛之谦','music/2018-01-02/5a4b1f6fc8677.jpg') [ RunTime:0.0106s ]
INFO: [ view_parse ] --START--
INFO: [ template_filter ] --START--
INFO: Run Behavior\ContentReplaceBehavior [ RunTime:0.000027s ]
INFO: [ template_filter ] --END-- [ RunTime:0.000064s ]
INFO: Run Behavior\ParseTemplateBehavior [ RunTime:0.016802s ]
INFO: [ view_parse ] --END-- [ RunTime:0.016859s ]
INFO: [ view_filter ] --START--
INFO: Run Behavior\WriteHtmlCacheBehavior [ RunTime:0.001898s ]
INFO: [ view_filter ] --END-- [ RunTime:0.001939s ]

[ 2018-01-02T13:58:09+08:00 ] 127.0.0.1 /tp32_app_guangchangwu/index.php/admin/music/add
INFO: [ app_init ] --START--
INFO: Run Behavior\BuildLiteBehavior [ RunTime:0.000017s ]
INFO: [ app_init ] --END-- [ RunTime:0.000902s ]
INFO: [ app_begin ] --START--
INFO: Run Behavior\ReadHtmlCacheBehavior [ RunTime:0.001440s ]
INFO: [ app_begin ] --END-- [ RunTime:0.001488s ]
INFO: [ view_parse ] --START--
INFO: [ template_filter ] --START--
INFO: Run Behavior\ContentReplaceBehavior [ RunTime:0.000044s ]
INFO: [ template_filter ] --END-- [ RunTime:0.000088s ]
INFO: Run Behavior\ParseTemplateBehavior [ RunTime:0.019932s ]
INFO: [ view_parse ] --END-- [ RunTime:0.020003s ]
INFO: [ view_filter ] --START--
INFO: Run Behavior\WriteHtmlCacheBehavior [ RunTime:0.002197s ]
INFO: [ view_filter ] --END-- [ RunTime:0.002238s ]
INFO: [ app_end ] --START--
INFO: Run Behavior\ShowPageTraceBehavior [ RunTime:0.002996s ]
INFO: [ app_end ] --END-- [ RunTime:0.003043s ]

[ 2018-01-02T14:02:29+08:00 ] 127.0.0.1 /tp32_app_guangchangwu/index.php/admin/music/index
INFO: [ app_init ] --START--
INFO: Run Behavior\BuildLiteBehavior [ RunTime:0.000010s ]
INFO: [ app_init ] --END-- [ RunTime:0.000515s ]
INFO: [ app_begin ] --START--
INFO: Run Behavior\ReadHtmlCacheBehavior [ RunTime:0.000846s ]
INFO: [ app_begin ] --END-- [ RunTime:0.000894s ]
SQL: SHOW COLUMNS FROM `music` [ RunTime:0.0054s ]
SQL: SELECT * FROM `music`  [ RunTime:0.0005s ]
INFO: [ view_parse ] --START--
INFO: [ template_filter ] --START--
INFO: Run Behavior\ContentReplaceBehavior [ RunTime:0.000051s ]
INFO: [ template_filter ] --END-- [ RunTime:0.000095s ]
NOTIC: [8] Undefined index: smallimg C:\phpStudy\PHPTutorial\htdocs\tp32_app_guangchangwu\Application\Runtime\Cache\Admin\7a3e64e04ad2ec10224610c507858ea2.php 第 83 行.
NOTIC: [8] Undefined index: smallimg C:\phpStudy\PHPTutorial\htdocs\tp32_app_guangchangwu\Application\Runtime\Cache\Admin\7a3e64e04ad2ec10224610c507858ea2.php 第 83 行.
NOTIC: [8] Undefined index: smallimg C:\phpStudy\PHPTutorial\htdocs\tp32_app_guangchangwu\Application\Runtime\Cache\Admin\7a3e64e04ad2ec10224610c507858ea2.php 第 83 行.
NOTIC: [8] Undefined index: smallimg C:\phpStudy\PHPTutorial\htdocs\tp32_app_guangchangwu\Application\Runtime\Cache\Admin\7a3e64e04ad2ec10224610c507858ea2.php 第 83 行.
NOTIC: [8] Undefined index: smallimg C:\phpStudy\PHPTutorial\htdocs\tp32_app_guangchangwu\Application\Runtime\Cache\Admin\7a3e64e04ad2ec10224610c507858ea2.php 第 83 行.
NOTIC: [8] Undefined index: smallimg C:\phpStudy\PHPTutorial\htdocs\tp32_app_guangchangwu\Application\Runtime\Cache\Admin\7a3e64e04ad2ec10224610c507858ea2.php 第 83 行.
NOTIC: [8] Undefined index: smallimg C:\phpStudy\PHPTutorial\htdocs\tp32_app_guangchangwu\Application\Runtime\Cache\Admin\7a3e64e04ad2ec10224610c507858ea2.php 第 83 行.
NOTIC: [8] Undefined index: smallimg C:\phpStudy\PHPTutorial\htdocs\tp32_app_guangchangwu\Application\Runtime\Cache\Admin\7a3e64e04ad2ec10224610c507858ea2.php 第 83 行.
NOTIC: [8] Undefined index: smallimg C:\phpStudy\PHPTutorial\htdocs\tp32_app_guangchangwu\Application\Runtime\Cache\Admin\7a3e64e04ad2ec10224610c507858ea2.php 第 83 行.
NOTIC: [8] Undefined index: smallimg C:\phpStudy\PHPTutorial\htdocs\tp32_app_guangchangwu\Application\Runtime\Cache\Admin\7a3e64e04ad2ec10224610c507858ea2.php 第 83 行.
NOTIC: [8] Undefined index: smallimg C:\phpStudy\PHPTutorial\htdocs\tp32_app_guangchangwu\Application\Runtime\Cache\Admin\7a3e64e04ad2ec10224610c507858ea2.php 第 83 行.
NOTIC: [8] Undefined index: smallimg C:\phpStudy\PHPTutorial\htdocs\tp32_app_guangchangwu\Application\Runtime\Cache\Admin\7a3e64e04ad2ec10224610c507858ea2.php 第 83 行.
NOTIC: [8] Undefined index: smallimg C:\phpStudy\PHPTutorial\htdocs\tp32_app_guangchangwu\Application\Runtime\Cache\Admin\7a3e64e04ad2ec10224610c507858ea2.php 第 83 行.
NOTIC: [8] Undefined index: smallimg C:\phpStudy\PHPTutorial\htdocs\tp32_app_guangchangwu\Application\Runtime\Cache\Admin\7a3e64e04ad2ec10224610c507858ea2.php 第 83 行.
NOTIC: [8] Undefined index: smallimg C:\phpStudy\PHPTutorial\htdocs\tp32_app_guangchangwu\Application\Runtime\Cache\Admin\7a3e64e04ad2ec10224610c507858ea2.php 第 83 行.
NOTIC: [8] Undefined index: smallimg C:\phpStudy\PHPTutorial\htdocs\tp32_app_guangchangwu\Application\Runtime\Cache\Admin\7a3e64e04ad2ec10224610c507858ea2.php 第 83 行.
INFO: Run Behavior\ParseTemplateBehavior [ RunTime:0.018016s ]
INFO: [ view_parse ] --END-- [ RunTime:0.018060s ]
INFO: [ view_filter ] --START--
INFO: Run Behavior\WriteHtmlCacheBehavior [ RunTime:0.000633s ]
INFO: [ view_filter ] --END-- [ RunTime:0.000661s ]
INFO: [ app_end ] --START--
INFO: Run Behavior\ShowPageTraceBehavior [ RunTime:0.001041s ]
INFO: [ app_end ] --END-- [ RunTime:0.001075s ]

[ 2018-01-02T14:06:28+08:00 ] 127.0.0.1 /tp32_app_guangchangwu/index.php/admin/music/index
INFO: [ app_init ] --START--
INFO: Run Behavior\BuildLiteBehavior [ RunTime:0.000054s ]
INFO: [ app_init ] --END-- [ RunTime:0.000805s ]
INFO: [ app_begin ] --START--
INFO: Run Behavior\ReadHtmlCacheBehavior [ RunTime:0.000695s ]
INFO: [ app_begin ] --END-- [ RunTime:0.000736s ]
SQL: SHOW COLUMNS FROM `music` [ RunTime:0.0052s ]
SQL: SELECT * FROM `music`  [ RunTime:0.0004s ]
INFO: [ view_parse ] --START--
INFO: [ template_filter ] --START--
INFO: Run Behavior\ContentReplaceBehavior [ RunTime:0.000039s ]
INFO: [ template_filter ] --END-- [ RunTime:0.000077s ]
NOTIC: [8] Undefined index: smallimg C:\phpStudy\PHPTutorial\htdocs\tp32_app_guangchangwu\Application\Runtime\Cache\Admin\7a3e64e04ad2ec10224610c507858ea2.php 第 83 行.
NOTIC: [8] Undefined index: smallimg C:\phpStudy\PHPTutorial\htdocs\tp32_app_guangchangwu\Application\Runtime\Cache\Admin\7a3e64e04ad2ec10224610c507858ea2.php 第 83 行.
NOTIC: [8] Undefined index: smallimg C:\phpStudy\PHPTutorial\htdocs\tp32_app_guangchangwu\Application\Runtime\Cache\Admin\7a3e64e04ad2ec10224610c507858ea2.php 第 83 行.
NOTIC: [8] Undefined index: smallimg C:\phpStudy\PHPTutorial\htdocs\tp32_app_guangchangwu\Application\Runtime\Cache\Admin\7a3e64e04ad2ec10224610c507858ea2.php 第 83 行.
NOTIC: [8] Undefined index: smallimg C:\phpStudy\PHPTutorial\htdocs\tp32_app_guangchangwu\Application\Runtime\Cache\Admin\7a3e64e04ad2ec10224610c507858ea2.php 第 83 行.
NOTIC: [8] Undefined index: smallimg C:\phpStudy\PHPTutorial\htdocs\tp32_app_guangchangwu\Application\Runtime\Cache\Admin\7a3e64e04ad2ec10224610c507858ea2.php 第 83 行.
NOTIC: [8] Undefined index: smallimg C:\phpStudy\PHPTutorial\htdocs\tp32_app_guangchangwu\Application\Runtime\Cache\Admin\7a3e64e04ad2ec10224610c507858ea2.php 第 83 行.
NOTIC: [8] Undefined index: smallimg C:\phpStudy\PHPTutorial\htdocs\tp32_app_guangchangwu\Application\Runtime\Cache\Admin\7a3e64e04ad2ec10224610c507858ea2.php 第 83 行.
NOTIC: [8] Undefined index: smallimg C:\phpStudy\PHPTutorial\htdocs\tp32_app_guangchangwu\Application\Runtime\Cache\Admin\7a3e64e04ad2ec10224610c507858ea2.php 第 83 行.
NOTIC: [8] Undefined index: smallimg C:\phpStudy\PHPTutorial\htdocs\tp32_app_guangchangwu\Application\Runtime\Cache\Admin\7a3e64e04ad2ec10224610c507858ea2.php 第 83 行.
NOTIC: [8] Undefined index: smallimg C:\phpStudy\PHPTutorial\htdocs\tp32_app_guangchangwu\Application\Runtime\Cache\Admin\7a3e64e04ad2ec10224610c507858ea2.php 第 83 行.
NOTIC: [8] Undefined index: smallimg C:\phpStudy\PHPTutorial\htdocs\tp32_app_guangchangwu\Application\Runtime\Cache\Admin\7a3e64e04ad2ec10224610c507858ea2.php 第 83 行.
NOTIC: [8] Undefined index: smallimg C:\phpStudy\PHPTutorial\htdocs\tp32_app_guangchangwu\Application\Runtime\Cache\Admin\7a3e64e04ad2ec10224610c507858ea2.php 第 83 行.
NOTIC: [8] Undefined index: smallimg C:\phpStudy\PHPTutorial\htdocs\tp32_app_guangchangwu\Application\Runtime\Cache\Admin\7a3e64e04ad2ec10224610c507858ea2.php 第 83 行.
NOTIC: [8] Undefined index: smallimg C:\phpStudy\PHPTutorial\htdocs\tp32_app_guangchangwu\Application\Runtime\Cache\Admin\7a3e64e04ad2ec10224610c507858ea2.php 第 83 行.
NOTIC: [8] Undefined index: smallimg C:\phpStudy\PHPTutorial\htdocs\tp32_app_guangchangwu\Application\Runtime\Cache\Admin\7a3e64e04ad2ec10224610c507858ea2.php 第 83 行.
INFO: Run Behavior\ParseTemplateBehavior [ RunTime:0.008107s ]
INFO: [ view_parse ] --END-- [ RunTime:0.008147s ]
INFO: [ view_filter ] --START--
INFO: Run Behavior\WriteHtmlCacheBehavior [ RunTime:0.000540s ]
INFO: [ view_filter ] --END-- [ RunTime:0.000565s ]
INFO: [ app_end ] --START--
INFO: Run Behavior\ShowPageTraceBehavior [ RunTime:0.000877s ]
INFO: [ app_end ] --END-- [ RunTime:0.000923s ]

[ 2018-01-02T14:08:16+08:00 ] 127.0.0.1 /tp32_app_guangchangwu/index.php/admin/music/index
INFO: [ app_init ] --START--
INFO: Run Behavior\BuildLiteBehavior [ RunTime:0.000012s ]
INFO: [ app_init ] --END-- [ RunTime:0.000514s ]
INFO: [ app_begin ] --START--
INFO: Run Behavior\ReadHtmlCacheBehavior [ RunTime:0.000585s ]
INFO: [ app_begin ] --END-- [ RunTime:0.000624s ]
SQL: SHOW COLUMNS FROM `music` [ RunTime:0.0054s ]
SQL: SELECT * FROM `music`  [ RunTime:0.0003s ]
INFO: [ view_parse ] --START--
INFO: [ template_filter ] --START--
INFO: Run Behavior\ContentReplaceBehavior [ RunTime:0.000039s ]
INFO: [ template_filter ] --END-- [ RunTime:0.000080s ]
NOTIC: [8] Undefined index: log C:\phpStudy\PHPTutorial\htdocs\tp32_app_guangchangwu\Application\Runtime\Cache\Admin\7a3e64e04ad2ec10224610c507858ea2.php 第 83 行.
NOTIC: [8] Undefined index: log C:\phpStudy\PHPTutorial\htdocs\tp32_app_guangchangwu\Application\Runtime\Cache\Admin\7a3e64e04ad2ec10224610c507858ea2.php 第 83 行.
NOTIC: [8] Undefined index: log C:\phpStudy\PHPTutorial\htdocs\tp32_app_guangchangwu\Application\Runtime\Cache\Admin\7a3e64e04ad2ec10224610c507858ea2.php 第 83 行.
NOTIC: [8] Undefined index: log C:\phpStudy\PHPTutorial\htdocs\tp32_app_guangchangwu\Application\Runtime\Cache\Admin\7a3e64e04ad2ec10224610c507858ea2.php 第 83 行.
NOTIC: [8] Undefined index: log C:\phpStudy\PHPTutorial\htdocs\tp32_app_guangchangwu\Application\Runtime\Cache\Admin\7a3e64e04ad2ec10224610c507858ea2.php 第 83 行.
NOTIC: [8] Undefined index: log C:\phpStudy\PHPTutorial\htdocs\tp32_app_guangchangwu\Application\Runtime\Cache\Admin\7a3e64e04ad2ec10224610c507858ea2.php 第 83 行.
NOTIC: [8] Undefined index: log C:\phpStudy\PHPTutorial\htdocs\tp32_app_guangchangwu\Application\Runtime\Cache\Admin\7a3e64e04ad2ec10224610c507858ea2.php 第 83 行.
NOTIC: [8] Undefined index: log C:\phpStudy\PHPTutorial\htdocs\tp32_app_guangchangwu\Application\Runtime\Cache\Admin\7a3e64e04ad2ec10224610c507858ea2.php 第 83 行.
NOTIC: [8] Undefined index: log C:\phpStudy\PHPTutorial\htdocs\tp32_app_guangchangwu\Application\Runtime\Cache\Admin\7a3e64e04ad2ec10224610c507858ea2.php 第 83 行.
NOTIC: [8] Undefined index: log C:\phpStudy\PHPTutorial\htdocs\tp32_app_guangchangwu\Application\Runtime\Cache\Admin\7a3e64e04ad2ec10224610c507858ea2.php 第 83 行.
NOTIC: [8] Undefined index: log C:\phpStudy\PHPTutorial\htdocs\tp32_app_guangchangwu\Application\Runtime\Cache\Admin\7a3e64e04ad2ec10224610c507858ea2.php 第 83 行.
NOTIC: [8] Undefined index: log C:\phpStudy\PHPTutorial\htdocs\tp32_app_guangchangwu\Application\Runtime\Cache\Admin\7a3e64e04ad2ec10224610c507858ea2.php 第 83 行.
NOTIC: [8] Undefined index: log C:\phpStudy\PHPTutorial\htdocs\tp32_app_guangchangwu\Application\Runtime\Cache\Admin\7a3e64e04ad2ec10224610c507858ea2.php 第 83 行.
NOTIC: [8] Undefined index: log C:\phpStudy\PHPTutorial\htdocs\tp32_app_guangchangwu\Application\Runtime\Cache\Admin\7a3e64e04ad2ec10224610c507858ea2.php 第 83 行.
NOTIC: [8] Undefined index: log C:\phpStudy\PHPTutorial\htdocs\tp32_app_guangchangwu\Application\Runtime\Cache\Admin\7a3e64e04ad2ec10224610c507858ea2.php 第 83 行.
NOTIC: [8] Undefined index: log C:\phpStudy\PHPTutorial\htdocs\tp32_app_guangchangwu\Application\Runtime\Cache\Admin\7a3e64e04ad2ec10224610c507858ea2.php 第 83 行.
INFO: Run Behavior\ParseTemplateBehavior [ RunTime:0.006375s ]
INFO: [ view_parse ] --END-- [ RunTime:0.006410s ]
INFO: [ view_filter ] --START--
INFO: Run Behavior\WriteHtmlCacheBehavior [ RunTime:0.000549s ]
INFO: [ view_filter ] --END-- [ RunTime:0.000580s ]
INFO: [ app_end ] --START--
INFO: Run Behavior\ShowPageTraceBehavior [ RunTime:0.001238s ]
INFO: [ app_end ] --END-- [ RunTime:0.001286s ]

[ 2018-01-02T14:11:25+08:00 ] 127.0.0.1 /tp32_app_guangchangwu/index.php/admin/music/index
INFO: [ app_init ] --START--
INFO: Run Behavior\BuildLiteBehavior [ RunTime:0.000012s ]
INFO: [ app_init ] --END-- [ RunTime:0.000665s ]
INFO: [ app_begin ] --START--
INFO: Run Behavior\ReadHtmlCacheBehavior [ RunTime:0.000747s ]
INFO: [ app_begin ] --END-- [ RunTime:0.000796s ]
SQL: SHOW COLUMNS FROM `music` [ RunTime:0.0052s ]
SQL: SELECT * FROM `music`  [ RunTime:0.0005s ]
INFO: [ view_parse ] --START--
INFO: [ template_filter ] --START--
INFO: Run Behavior\ContentReplaceBehavior [ RunTime:0.000039s ]
INFO: [ template_filter ] --END-- [ RunTime:0.000080s ]
NOTIC: [8] Undefined index: log C:\phpStudy\PHPTutorial\htdocs\tp32_app_guangchangwu\Application\Runtime\Cache\Admin\7a3e64e04ad2ec10224610c507858ea2.php 第 83 行.
NOTIC: [8] Undefined index: log C:\phpStudy\PHPTutorial\htdocs\tp32_app_guangchangwu\Application\Runtime\Cache\Admin\7a3e64e04ad2ec10224610c507858ea2.php 第 83 行.
NOTIC: [8] Undefined index: log C:\phpStudy\PHPTutorial\htdocs\tp32_app_guangchangwu\Application\Runtime\Cache\Admin\7a3e64e04ad2ec10224610c507858ea2.php 第 83 行.
NOTIC: [8] Undefined index: log C:\phpStudy\PHPTutorial\htdocs\tp32_app_guangchangwu\Application\Runtime\Cache\Admin\7a3e64e04ad2ec10224610c507858ea2.php 第 83 行.
NOTIC: [8] Undefined index: log C:\phpStudy\PHPTutorial\htdocs\tp32_app_guangchangwu\Application\Runtime\Cache\Admin\7a3e64e04ad2ec10224610c507858ea2.php 第 83 行.
NOTIC: [8] Undefined index: log C:\phpStudy\PHPTutorial\htdocs\tp32_app_guangchangwu\Application\Runtime\Cache\Admin\7a3e64e04ad2ec10224610c507858ea2.php 第 83 行.
NOTIC: [8] Undefined index: log C:\phpStudy\PHPTutorial\htdocs\tp32_app_guangchangwu\Application\Runtime\Cache\Admin\7a3e64e04ad2ec10224610c507858ea2.php 第 83 行.
NOTIC: [8] Undefined index: log C:\phpStudy\PHPTutorial\htdocs\tp32_app_guangchangwu\Application\Runtime\Cache\Admin\7a3e64e04ad2ec10224610c507858ea2.php 第 83 行.
NOTIC: [8] Undefined index: log C:\phpStudy\PHPTutorial\htdocs\tp32_app_guangchangwu\Application\Runtime\Cache\Admin\7a3e64e04ad2ec10224610c507858ea2.php 第 83 行.
NOTIC: [8] Undefined index: log C:\phpStudy\PHPTutorial\htdocs\tp32_app_guangchangwu\Application\Runtime\Cache\Admin\7a3e64e04ad2ec10224610c507858ea2.php 第 83 行.
NOTIC: [8] Undefined index: log C:\phpStudy\PHPTutorial\htdocs\tp32_app_guangchangwu\Application\Runtime\Cache\Admin\7a3e64e04ad2ec10224610c507858ea2.php 第 83 行.
NOTIC: [8] Undefined index: log C:\phpStudy\PHPTutorial\htdocs\tp32_app_guangchangwu\Application\Runtime\Cache\Admin\7a3e64e04ad2ec10224610c507858ea2.php 第 83 行.
NOTIC: [8] Undefined index: log C:\phpStudy\PHPTutorial\htdocs\tp32_app_guangchangwu\Application\Runtime\Cache\Admin\7a3e64e04ad2ec10224610c507858ea2.php 第 83 行.
NOTIC: [8] Undefined index: log C:\phpStudy\PHPTutorial\htdocs\tp32_app_guangchangwu\Application\Runtime\Cache\Admin\7a3e64e04ad2ec10224610c507858ea2.php 第 83 行.
NOTIC: [8] Undefined index: log C:\phpStudy\PHPTutorial\htdocs\tp32_app_guangchangwu\Application\Runtime\Cache\Admin\7a3e64e04ad2ec10224610c507858ea2.php 第 83 行.
NOTIC: [8] Undefined index: log C:\phpStudy\PHPTutorial\htdocs\tp32_app_guangchangwu\Application\Runtime\Cache\Admin\7a3e64e04ad2ec10224610c507858ea2.php 第 83 行.
INFO: Run Behavior\ParseTemplateBehavior [ RunTime:0.014069s ]
INFO: [ view_parse ] --END-- [ RunTime:0.014123s ]
INFO: [ view_filter ] --START--
INFO: Run Behavior\WriteHtmlCacheBehavior [ RunTime:0.000590s ]
INFO: [ view_filter ] --END-- [ RunTime:0.000617s ]
INFO: [ app_end ] --START--
INFO: Run Behavior\ShowPageTraceBehavior [ RunTime:0.000907s ]
INFO: [ app_end ] --END-- [ RunTime:0.000943s ]

[ 2018-01-02T14:11:45+08:00 ] 127.0.0.1 /tp32_app_guangchangwu/index.php/admin/music/index
INFO: [ app_init ] --START--
INFO: Run Behavior\BuildLiteBehavior [ RunTime:0.000010s ]
INFO: [ app_init ] --END-- [ RunTime:0.000361s ]
INFO: [ app_begin ] --START--
INFO: Run Behavior\ReadHtmlCacheBehavior [ RunTime:0.000552s ]
INFO: [ app_begin ] --END-- [ RunTime:0.000589s ]
SQL: SHOW COLUMNS FROM `music` [ RunTime:0.0069s ]
SQL: SELECT * FROM `music`  [ RunTime:0.0004s ]
INFO: [ view_parse ] --START--
INFO: [ template_filter ] --START--
INFO: Run Behavior\ContentReplaceBehavior [ RunTime:0.000040s ]
INFO: [ template_filter ] --END-- [ RunTime:0.000084s ]
INFO: Run Behavior\ParseTemplateBehavior [ RunTime:0.007513s ]
INFO: [ view_parse ] --END-- [ RunTime:0.007570s ]
INFO: [ view_filter ] --START--
INFO: Run Behavior\WriteHtmlCacheBehavior [ RunTime:0.000512s ]
INFO: [ view_filter ] --END-- [ RunTime:0.000540s ]
INFO: [ app_end ] --START--
INFO: Run Behavior\ShowPageTraceBehavior [ RunTime:0.001009s ]
INFO: [ app_end ] --END-- [ RunTime:0.001079s ]

[ 2018-01-02T16:35:07+08:00 ] 127.0.0.1 /tp32_app_guangchangwu/index.php/admin/music/index
INFO: [ app_init ] --START--
INFO: Run Behavior\BuildLiteBehavior [ RunTime:0.000271s ]
INFO: [ app_init ] --END-- [ RunTime:0.008180s ]
INFO: [ app_begin ] --START--
INFO: Run Behavior\ReadHtmlCacheBehavior [ RunTime:0.001852s ]
INFO: [ app_begin ] --END-- [ RunTime:0.001949s ]
SQL: SHOW COLUMNS FROM `music` [ RunTime:0.0145s ]
SQL: SELECT * FROM `music`  [ RunTime:0.0004s ]
INFO: [ view_parse ] --START--
INFO: [ template_filter ] --START--
INFO: Run Behavior\ContentReplaceBehavior [ RunTime:0.000042s ]
INFO: [ template_filter ] --END-- [ RunTime:0.000086s ]
INFO: Run Behavior\ParseTemplateBehavior [ RunTime:0.027935s ]
INFO: [ view_parse ] --END-- [ RunTime:0.028000s ]
INFO: [ view_filter ] --START--
INFO: Run Behavior\WriteHtmlCacheBehavior [ RunTime:0.000888s ]
INFO: [ view_filter ] --END-- [ RunTime:0.000932s ]
INFO: [ app_end ] --START--
INFO: Run Behavior\ShowPageTraceBehavior [ RunTime:0.002002s ]
INFO: [ app_end ] --END-- [ RunTime:0.002062s ]

[ 2018-01-02T18:13:29+08:00 ] 127.0.0.1 /tp32_app_guangchangwu/index.php/admin/music/index
INFO: [ app_init ] --START--
INFO: Run Behavior\BuildLiteBehavior [ RunTime:0.000010s ]
INFO: [ app_init ] --END-- [ RunTime:0.000516s ]
INFO: [ app_begin ] --START--
INFO: Run Behavior\ReadHtmlCacheBehavior [ RunTime:0.000837s ]
INFO: [ app_begin ] --END-- [ RunTime:0.000883s ]
SQL: SHOW COLUMNS FROM `music` [ RunTime:0.0123s ]
SQL: SELECT * FROM `music`  [ RunTime:0.0014s ]
INFO: [ view_parse ] --START--
INFO: [ template_filter ] --START--
INFO: Run Behavior\ContentReplaceBehavior [ RunTime:0.000039s ]
INFO: [ template_filter ] --END-- [ RunTime:0.000077s ]
INFO: Run Behavior\ParseTemplateBehavior [ RunTime:0.019905s ]
INFO: [ view_parse ] --END-- [ RunTime:0.019953s ]
INFO: [ view_filter ] --START--
INFO: Run Behavior\WriteHtmlCacheBehavior [ RunTime:0.001102s ]
INFO: [ view_filter ] --END-- [ RunTime:0.001135s ]
INFO: [ app_end ] --START--
INFO: Run Behavior\ShowPageTraceBehavior [ RunTime:0.001820s ]
INFO: [ app_end ] --END-- [ RunTime:0.001866s ]

